

Version:	3.50
CmdLine:	C:\Users\arceu\IdeaProjects\Text-Based_Adventure\Slay The Minotaur.exe --l4j-debug
JNI:		No
WOW64:		Yes
Working dir:	C:\Users\arceu\IdeaProjects\Text-Based_Adventure\.
Requires JDK:	No
Requires 64-Bit: No
Java min ver:	1.018.000
Java max ver:	
Substitute:	JAVA_HOME = 
Substitute:	PATH = C:\Program Files\Microsoft\jdk-11.0.16.101-hotspot\bin;C:\Program Files\Common Files\Oracle\Java\javapath;C:\Program Files (x86)\Common Files\Oracle\Java\javapath;C:\windows\system32;C:\windows;C:\windows\System32\Wbem;C:\windows\System32\WindowsPowerShell\v1.0\;C:\windows\System32\OpenSSH\;C:\Program Files (x86)\dotnet\;C:\Program Files\dotnet\;C:\Users\arceu\AppData\Local\Microsoft\WindowsApps;;C:\Program Files\Microsoft\jdk-11.0.16.101-hotspot\bin
JRE paths:	;C:\Program Files\Microsoft\jdk-11.0.16.101-hotspot\bin;C:\Program Files\Common Files\Oracle\Java\javapath;C:\Program Files (x86)\Common Files\Oracle\Java\javapath;C:\windows\system32;C:\windows;C:\windows\System32\Wbem;C:\windows\System32\WindowsPowerShell\v1.0\;C:\windows\System32\OpenSSH\;C:\Program Files (x86)\dotnet\;C:\Program Files\dotnet\;C:\Users\arceu\AppData\Local\Microsoft\WindowsApps;;C:\Program Files\Microsoft\jdk-11.0.16.101-hotspot\bin
Check launcher:	C:\Program Files\Microsoft\jdk-11.0.16.101-hotspot\bin\javaw.exe (OK)
Warning:	formatJavaVersion() too many parts added.
Version string: 1.011.000_016 / 64-Bit (Ignore)
Check launcher:	C:\Program Files\Common Files\Oracle\Java\javapath\bin\javaw.exe (not found)
Check launcher:	C:\Program Files (x86)\Common Files\Oracle\Java\javapath\bin\javaw.exe (not found)
Check launcher:	C:\windows\system32\bin\javaw.exe (not found)
Check launcher:	C:\windows\bin\javaw.exe (not found)
Check launcher:	C:\windows\System32\Wbem\bin\javaw.exe (not found)
Check launcher:	C:\windows\System32\WindowsPowerShell\v1.0\bin\javaw.exe (not found)
Check launcher:	C:\windows\System32\OpenSSH\bin\javaw.exe (not found)
Check launcher:	C:\Program Files (x86)\dotnet\bin\javaw.exe (not found)
Check launcher:	C:\Program Files\dotnet\bin\javaw.exe (not found)
Check launcher:	C:\Users\arceu\AppData\Local\Microsoft\WindowsApps\bin\javaw.exe (not found)
Check launcher:	C:\Program Files\Microsoft\jdk-11.0.16.101-hotspot\bin\javaw.exe (OK)
Warning:	formatJavaVersion() too many parts added.
Version string: 1.011.000_016 / 64-Bit (Ignore)
64-bit search:	SOFTWARE\JavaSoft\Java Runtime Environment...
Check:		SOFTWARE\JavaSoft\Java Runtime Environment\1.8
Version string: 1.008.000 / 64-Bit (Ignore)
Ignore:		1.008.000
Check:		SOFTWARE\JavaSoft\Java Runtime Environment\1.8.0_361
Version string: 1.008.000_361 / 64-Bit (Ignore)
Ignore:		1.008.000_361
32-bit search:	SOFTWARE\JavaSoft\Java Runtime Environment...
64-bit search:	SOFTWARE\JavaSoft\Java Development Kit...
32-bit search:	SOFTWARE\JavaSoft\Java Development Kit...
64-bit search:	SOFTWARE\JavaSoft\JRE...
32-bit search:	SOFTWARE\JavaSoft\JRE...
64-bit search:	SOFTWARE\JavaSoft\JDK...
Check:		SOFTWARE\JavaSoft\JDK\18.0.2
Version string: 1.018.000_002 / 64-Bit (OK)
Check launcher:	C:\Program Files\Java\jdk-18.0.2\bin\javaw.exe (OK)
Match:		1.018.000_002
Runtime used:	1.018.000_002 (64-bit)
Main class:	Adventure_Game
Info:		Classpath not defined.
Launcher:	C:\Program Files\Java\jdk-18.0.2\bin\javaw.exe
Launcher args:	-classpath "C:\Users\arceu\IdeaProjects\Text-Based_Adventure\Slay The Minotaur.exe" Adventure_Game
Args length:	98/32768 chars
Exit code:	0


Version:	3.50
CmdLine:	C:\Users\arceu\IdeaProjects\Text-Based_Adventure\Slay The Minotaur.exe --l4j-debug
JNI:		No
WOW64:		Yes
Working dir:	C:\Users\arceu\IdeaProjects\Text-Based_Adventure\.
Requires JDK:	No
Requires 64-Bit: No
Java min ver:	1.018.000
Java max ver:	
Substitute:	JAVA_HOME = 
Substitute:	PATH = C:\Program Files\Microsoft\jdk-11.0.16.101-hotspot\bin;C:\Program Files\Common Files\Oracle\Java\javapath;C:\Program Files (x86)\Common Files\Oracle\Java\javapath;C:\windows\system32;C:\windows;C:\windows\System32\Wbem;C:\windows\System32\WindowsPowerShell\v1.0\;C:\windows\System32\OpenSSH\;C:\Program Files (x86)\dotnet\;C:\Program Files\dotnet\;C:\Users\arceu\AppData\Local\Microsoft\WindowsApps;;C:\Program Files\Microsoft\jdk-11.0.16.101-hotspot\bin
JRE paths:	;C:\Program Files\Microsoft\jdk-11.0.16.101-hotspot\bin;C:\Program Files\Common Files\Oracle\Java\javapath;C:\Program Files (x86)\Common Files\Oracle\Java\javapath;C:\windows\system32;C:\windows;C:\windows\System32\Wbem;C:\windows\System32\WindowsPowerShell\v1.0\;C:\windows\System32\OpenSSH\;C:\Program Files (x86)\dotnet\;C:\Program Files\dotnet\;C:\Users\arceu\AppData\Local\Microsoft\WindowsApps;;C:\Program Files\Microsoft\jdk-11.0.16.101-hotspot\bin
Check launcher:	C:\Program Files\Microsoft\jdk-11.0.16.101-hotspot\bin\javaw.exe (OK)
Warning:	formatJavaVersion() too many parts added.
Version string: 1.011.000_016 / 64-Bit (Ignore)
Check launcher:	C:\Program Files\Common Files\Oracle\Java\javapath\bin\javaw.exe (not found)
Check launcher:	C:\Program Files (x86)\Common Files\Oracle\Java\javapath\bin\javaw.exe (not found)
Check launcher:	C:\windows\system32\bin\javaw.exe (not found)
Check launcher:	C:\windows\bin\javaw.exe (not found)
Check launcher:	C:\windows\System32\Wbem\bin\javaw.exe (not found)
Check launcher:	C:\windows\System32\WindowsPowerShell\v1.0\bin\javaw.exe (not found)
Check launcher:	C:\windows\System32\OpenSSH\bin\javaw.exe (not found)
Check launcher:	C:\Program Files (x86)\dotnet\bin\javaw.exe (not found)
Check launcher:	C:\Program Files\dotnet\bin\javaw.exe (not found)
Check launcher:	C:\Users\arceu\AppData\Local\Microsoft\WindowsApps\bin\javaw.exe (not found)
Check launcher:	C:\Program Files\Microsoft\jdk-11.0.16.101-hotspot\bin\javaw.exe (OK)
Warning:	formatJavaVersion() too many parts added.
Version string: 1.011.000_016 / 64-Bit (Ignore)
64-bit search:	SOFTWARE\JavaSoft\Java Runtime Environment...
Check:		SOFTWARE\JavaSoft\Java Runtime Environment\1.8
Version string: 1.008.000 / 64-Bit (Ignore)
Ignore:		1.008.000
Check:		SOFTWARE\JavaSoft\Java Runtime Environment\1.8.0_361
Version string: 1.008.000_361 / 64-Bit (Ignore)
Ignore:		1.008.000_361
32-bit search:	SOFTWARE\JavaSoft\Java Runtime Environment...
64-bit search:	SOFTWARE\JavaSoft\Java Development Kit...
32-bit search:	SOFTWARE\JavaSoft\Java Development Kit...
64-bit search:	SOFTWARE\JavaSoft\JRE...
32-bit search:	SOFTWARE\JavaSoft\JRE...
64-bit search:	SOFTWARE\JavaSoft\JDK...
Check:		SOFTWARE\JavaSoft\JDK\18.0.2
Version string: 1.018.000_002 / 64-Bit (OK)
Check launcher:	C:\Program Files\Java\jdk-18.0.2\bin\javaw.exe (OK)
Match:		1.018.000_002
Runtime used:	1.018.000_002 (64-bit)
Main class:	Adventure_Game
Info:		Classpath not defined.
Launcher:	C:\Program Files\Java\jdk-18.0.2\bin\javaw.exe
Launcher args:	-classpath "C:\Users\arceu\IdeaProjects\Text-Based_Adventure\Slay The Minotaur.exe" Adventure_Game
Args length:	98/32768 chars
Exit code:	0


Version:	3.50
CmdLine:	C:\Users\arceu\IdeaProjects\Text-Based_Adventure\Slay The Minotaur.exe --l4j-debug
JNI:		No
WOW64:		Yes
Working dir:	C:\Users\arceu\IdeaProjects\Text-Based_Adventure\.
Requires JDK:	No
Requires 64-Bit: No
Java min ver:	1.018.000
Java max ver:	
Substitute:	JAVA_HOME = 
Substitute:	PATH = C:\Program Files\Microsoft\jdk-11.0.16.101-hotspot\bin;C:\Program Files\Common Files\Oracle\Java\javapath;C:\Program Files (x86)\Common Files\Oracle\Java\javapath;C:\windows\system32;C:\windows;C:\windows\System32\Wbem;C:\windows\System32\WindowsPowerShell\v1.0\;C:\windows\System32\OpenSSH\;C:\Program Files (x86)\dotnet\;C:\Program Files\dotnet\;C:\Users\arceu\AppData\Local\Microsoft\WindowsApps;;C:\Program Files\Microsoft\jdk-11.0.16.101-hotspot\bin
JRE paths:	;C:\Program Files\Microsoft\jdk-11.0.16.101-hotspot\bin;C:\Program Files\Common Files\Oracle\Java\javapath;C:\Program Files (x86)\Common Files\Oracle\Java\javapath;C:\windows\system32;C:\windows;C:\windows\System32\Wbem;C:\windows\System32\WindowsPowerShell\v1.0\;C:\windows\System32\OpenSSH\;C:\Program Files (x86)\dotnet\;C:\Program Files\dotnet\;C:\Users\arceu\AppData\Local\Microsoft\WindowsApps;;C:\Program Files\Microsoft\jdk-11.0.16.101-hotspot\bin
Check launcher:	C:\Program Files\Microsoft\jdk-11.0.16.101-hotspot\bin\javaw.exe (OK)
Warning:	formatJavaVersion() too many parts added.
Version string: 1.011.000_016 / 64-Bit (Ignore)
Check launcher:	C:\Program Files\Common Files\Oracle\Java\javapath\bin\javaw.exe (not found)
Check launcher:	C:\Program Files (x86)\Common Files\Oracle\Java\javapath\bin\javaw.exe (not found)
Check launcher:	C:\windows\system32\bin\javaw.exe (not found)
Check launcher:	C:\windows\bin\javaw.exe (not found)
Check launcher:	C:\windows\System32\Wbem\bin\javaw.exe (not found)
Check launcher:	C:\windows\System32\WindowsPowerShell\v1.0\bin\javaw.exe (not found)
Check launcher:	C:\windows\System32\OpenSSH\bin\javaw.exe (not found)
Check launcher:	C:\Program Files (x86)\dotnet\bin\javaw.exe (not found)
Check launcher:	C:\Program Files\dotnet\bin\javaw.exe (not found)
Check launcher:	C:\Users\arceu\AppData\Local\Microsoft\WindowsApps\bin\javaw.exe (not found)
Check launcher:	C:\Program Files\Microsoft\jdk-11.0.16.101-hotspot\bin\javaw.exe (OK)
Warning:	formatJavaVersion() too many parts added.
Version string: 1.011.000_016 / 64-Bit (Ignore)
64-bit search:	SOFTWARE\JavaSoft\Java Runtime Environment...
Check:		SOFTWARE\JavaSoft\Java Runtime Environment\1.8
Version string: 1.008.000 / 64-Bit (Ignore)
Ignore:		1.008.000
Check:		SOFTWARE\JavaSoft\Java Runtime Environment\1.8.0_361
Version string: 1.008.000_361 / 64-Bit (Ignore)
Ignore:		1.008.000_361
32-bit search:	SOFTWARE\JavaSoft\Java Runtime Environment...
64-bit search:	SOFTWARE\JavaSoft\Java Development Kit...
32-bit search:	SOFTWARE\JavaSoft\Java Development Kit...
64-bit search:	SOFTWARE\JavaSoft\JRE...
32-bit search:	SOFTWARE\JavaSoft\JRE...
64-bit search:	SOFTWARE\JavaSoft\JDK...
Check:		SOFTWARE\JavaSoft\JDK\18.0.2
Version string: 1.018.000_002 / 64-Bit (OK)
Check launcher:	C:\Program Files\Java\jdk-18.0.2\bin\javaw.exe (OK)
Match:		1.018.000_002
Runtime used:	1.018.000_002 (64-bit)
Main class:	Adventure_Game
Info:		Classpath not defined.
Launcher:	C:\Program Files\Java\jdk-18.0.2\bin\javaw.exe
Launcher args:	-classpath "C:\Users\arceu\IdeaProjects\Text-Based_Adventure\Slay The Minotaur.exe" Adventure_Game
Args length:	98/32768 chars
Exit code:	0
